Build started 07.05.2011 01:59:09.
     1>Project "C:\Users\fUSiON\github\Web Security Toolset\ComUtilities\ComUtilities.vcxproj" on node 2 (build target(s)).
     1>InitializeBuildStatus:
         Creating "Debug\ComUtilities.unsuccessfulbuild" because "AlwaysCreate" was specified.
       Midl:
         C:\Program Files (x86)\Microsoft SDKs\Windows\v7.0A\bin\midl.exe /D _DEBUG /W1 /nologo /char signed /env x64 /Oicf /h "ComUtilities.h" /iid "ComUtilities_i.c" /proxy "ComUtilities_p.c" /tlb "Debug\ComUtilities.tlb" ComUtilities.idl 
         ComUtilities.idl
         64 bit Processing .\ComUtilities.idl
         oaidl.idl
         64 bit Processing C:\Program Files (x86)\Microsoft SDKs\Windows\v7.0A\include\oaidl.idl
         objidl.idl
         64 bit Processing C:\Program Files (x86)\Microsoft SDKs\Windows\v7.0A\include\objidl.idl
         unknwn.idl
         64 bit Processing C:\Program Files (x86)\Microsoft SDKs\Windows\v7.0A\include\unknwn.idl
         wtypes.idl
         64 bit Processing C:\Program Files (x86)\Microsoft SDKs\Windows\v7.0A\include\wtypes.idl
         64 bit Processing C:\Program Files (x86)\Microsoft SDKs\Windows\v7.0A\include\basetsd.h
         basetsd.h
         64 bit Processing C:\Program Files (x86)\Microsoft SDKs\Windows\v7.0A\include\guiddef.h
         guiddef.h
         64 bit Processing C:\Program Files (x86)\Microsoft SDKs\Windows\v7.0A\include\ocidl.idl
         ocidl.idl
         64 bit Processing C:\Program Files (x86)\Microsoft SDKs\Windows\v7.0A\include\oleidl.idl
         oleidl.idl
         64 bit Processing C:\Program Files (x86)\Microsoft SDKs\Windows\v7.0A\include\servprov.idl
         servprov.idl
         64 bit Processing C:\Program Files (x86)\Microsoft SDKs\Windows\v7.0A\include\urlmon.idl
         urlmon.idl
         64 bit Processing C:\Program Files (x86)\Microsoft SDKs\Windows\v7.0A\include\msxml.idl
         msxml.idl
         64 bit Processing C:\Program Files (x86)\Microsoft SDKs\Windows\v7.0A\include\oaidl.acf
         oaidl.acf
         64 bit Processing C:\Program Files (x86)\Microsoft SDKs\Windows\v7.0A\include\ocidl.acf
         ocidl.acf
       ClCompile:
         C:\Program Files (x86)\Microsoft Visual Studio 10.0\VC\bin\x86_amd64\CL.exe /c /Zi /nologo /W3 /WX- /Od /D _WIN64 /D _WINDOWS /D _DEBUG /D _USRDLL /D _WINDLL /D _UNICODE /D UNICODE /D _ATL_STATIC_REGISTRY /Gm- /EHsc /RTC1 /MTd /GS /fp:precise /Zc:wchar_t /Zc:forScope /Yc"StdAfx.h" /Fp"Debug\ComUtilities.pch" /Fo"Debug\\" /Fd"Debug\vc100.pdb" /Gd /TP /errorReport:prompt stdafx.cpp
         stdafx.cpp
         C:\Program Files (x86)\Microsoft Visual Studio 10.0\VC\bin\x86_amd64\CL.exe /c /Zi /nologo /W3 /WX- /Od /D _WIN64 /D _WINDOWS /D _DEBUG /D _USRDLL /D _WINDLL /D _UNICODE /D UNICODE /D _ATL_STATIC_REGISTRY /Gm- /EHsc /RTC1 /MTd /GS /fp:precise /Zc:wchar_t /Zc:forScope /Fo"Debug\\" /Fd"Debug\vc100.pdb" /Gd /TP /errorReport:prompt ComUtilities.cpp CustManageApp.cpp ManagedAppBridge.cpp TmpBuffer.cpp UrlParts.cpp UtilMan.cpp
         ComUtilities.cpp
         CustManageApp.cpp
         ManagedAppBridge.cpp
     1>ManagedAppBridge.cpp(1258): warning C4995: 'wcscpy': name was marked as #pragma deprecated
         TmpBuffer.cpp
         UrlParts.cpp
         UtilMan.cpp
     1>UtilMan.cpp(847): warning C4995: 'wcscpy': name was marked as #pragma deprecated
     1>UtilMan.cpp(849): warning C4995: 'wcscpy': name was marked as #pragma deprecated
     1>UtilMan.cpp(1414): warning C4995: 'wcscpy': name was marked as #pragma deprecated
         Generating Code...
         C:\Program Files (x86)\Microsoft Visual Studio 10.0\VC\bin\x86_amd64\CL.exe /c /Zi /nologo /W3 /WX- /Od /D _WIN64 /D _WINDOWS /D _DEBUG /D _USRDLL /D _WINDLL /D _UNICODE /D UNICODE /D _ATL_STATIC_REGISTRY /Gm- /EHsc /RTC1 /MTd /GS /fp:precise /Zc:wchar_t /Zc:forScope /Fo"Debug\\" /Fd"Debug\vc100.pdb" /Gd /TC /errorReport:prompt ComUtilities_i.c
         ComUtilities_i.c
       ResourceCompile:
         C:\Program Files (x86)\Microsoft SDKs\Windows\v7.0A\bin\rc.exe /D _DEBUG /D _UNICODE /D UNICODE /l"0x0409" /IDebug\ /nologo /fo"Debug\ComUtilities.res" ComUtilities.rc 
       ManifestResourceCompile:
         C:\Program Files (x86)\Microsoft SDKs\Windows\v7.0A\bin\rc.exe /nologo /fo"Debug\ComUtilities.dll.embed.manifest.res" Debug\ComUtilities_manifest.rc 
       Link:
         C:\Program Files (x86)\Microsoft Visual Studio 10.0\VC\bin\x86_amd64\link.exe /ERRORREPORT:PROMPT /OUT:"Debug\ComUtilities.dll" /INCREMENTAL /NOLOGO kernel32.lib user32.lib gdi32.lib winspool.lib comdlg32.lib advapi32.lib shell32.lib ole32.lib oleaut32.lib uuid.lib odbc32.lib odbccp32.lib /DEF:".\ComUtilities.def" /MANIFEST /ManifestFile:"Debug\ComUtilities.dll.intermediate.manifest" /MANIFESTUAC:"level='asInvoker' uiAccess='false'" /DEBUG /PDB:"C:\Users\fUSiON\github\Web Security Toolset\ComUtilities\Debug\ComUtilities.pdb" /TLBID:1 /DYNAMICBASE:NO /MACHINE:X64 /DLL Debug\ComUtilities.res
         Debug\ComUtilities.dll.embed.manifest.res
         Debug\ComUtilities.obj
         Debug\CustManageApp.obj
         Debug\ManagedAppBridge.obj
         Debug\stdafx.obj
         Debug\TmpBuffer.obj
         Debug\UrlParts.obj
         Debug\UtilMan.obj
         Debug\ComUtilities_i.obj wininet.lib Urlmon.lib 
            Creating library Debug\ComUtilities.lib and object Debug\ComUtilities.exp
         ComUtilities.vcxproj -> C:\Users\fUSiON\github\Web Security Toolset\ComUtilities\Debug\ComUtilities.dll
       Manifest:
         C:\Program Files (x86)\Microsoft SDKs\Windows\v7.0A\bin\mt.exe /nologo /verbose /out:"Debug\ComUtilities.dll.embed.manifest" /manifest Debug\ComUtilities.dll.intermediate.manifest
         C:\Program Files (x86)\Microsoft SDKs\Windows\v7.0A\bin\rc.exe /nologo /fo"Debug\ComUtilities.dll.embed.manifest.res" Debug\ComUtilities_manifest.rc 
       LinkEmbedManifest:
         C:\Program Files (x86)\Microsoft Visual Studio 10.0\VC\bin\x86_amd64\link.exe /ERRORREPORT:PROMPT /OUT:"Debug\ComUtilities.dll" /INCREMENTAL /NOLOGO kernel32.lib user32.lib gdi32.lib winspool.lib comdlg32.lib advapi32.lib shell32.lib ole32.lib oleaut32.lib uuid.lib odbc32.lib odbccp32.lib /DEF:".\ComUtilities.def" /MANIFEST /ManifestFile:"Debug\ComUtilities.dll.intermediate.manifest" /MANIFESTUAC:"level='asInvoker' uiAccess='false'" /DEBUG /PDB:"C:\Users\fUSiON\github\Web Security Toolset\ComUtilities\Debug\ComUtilities.pdb" /TLBID:1 /DYNAMICBASE:NO /MACHINE:X64 /DLL Debug\ComUtilities.res
         Debug\ComUtilities.dll.embed.manifest.res
         Debug\ComUtilities.obj
         Debug\CustManageApp.obj
         Debug\ManagedAppBridge.obj
         Debug\stdafx.obj
         Debug\TmpBuffer.obj
         Debug\UrlParts.obj
         Debug\UtilMan.obj
         Debug\ComUtilities_i.obj wininet.lib Urlmon.lib 
         ComUtilities.vcxproj -> C:\Users\fUSiON\github\Web Security Toolset\ComUtilities\Debug\ComUtilities.dll
       RegisterOutput:
         regsvr32 /s "Debug\ComUtilities.dll"
       FinalizeBuildStatus:
         Deleting file "Debug\ComUtilities.unsuccessfulbuild".
         Touching "Debug\ComUtilities.lastbuildstate".
     1>Done Building Project "C:\Users\fUSiON\github\Web Security Toolset\ComUtilities\ComUtilities.vcxproj" (build target(s)).

Build succeeded.

Time Elapsed 00:00:16.86
